<?xml version="1.0" encoding="UTF-8"?>
<!-- Generated by org.testng.reporters.JUnitReportReporter -->
<testsuite skipped="0" hostname="vprybeha-w10" name="UnitClassSet.StaticPages.test_BlogPage" tests="6" failures="0" timestamp="07 Mar 2019 16:45:41 GMT" time="146.690" errors="0">
  <testcase name="BlogPage_Title" time="6.053" classname="UnitClassSet.StaticPages.test_BlogPage"/>
  <testcase name="BlogPage_SocialMediaIcons" time="34.676" classname="UnitClassSet.StaticPages.test_BlogPage"/>
  <testcase name="BlogPage_SignUpAndLogin" time="9.699" classname="UnitClassSet.StaticPages.test_BlogPage"/>
  <testcase name="BlogPage_FooterLinks" time="47.271" classname="UnitClassSet.StaticPages.test_BlogPage"/>
  <testcase name="BlogPage_Body" time="14.355" classname="UnitClassSet.StaticPages.test_BlogPage"/>
  <testcase name="BlogPage_HeaderButtons" time="34.636" classname="UnitClassSet.StaticPages.test_BlogPage"/>
</testsuite> <!-- UnitClassSet.StaticPages.test_BlogPage -->
