<?xml version="1.0" encoding="UTF-8"?>
<!-- Generated by org.testng.reporters.JUnitReportReporter -->
<testsuite skipped="0" hostname="vprybeha-w10" name="UnitClassSet.StaticPages.test_TermsOfUsePage" tests="5" failures="0" timestamp="12 Mar 2019 12:00:11 GMT" time="122.544" errors="0">
  <testcase name="TermsOfUsePage_SignUpAndLogin" time="20.506" classname="UnitClassSet.StaticPages.test_TermsOfUsePage"/>
  <testcase name="TermsOfUsePage_HeaderButtons" time="27.411" classname="UnitClassSet.StaticPages.test_TermsOfUsePage"/>
  <testcase name="TermsOfUsePage_Title" time="6.907" classname="UnitClassSet.StaticPages.test_TermsOfUsePage"/>
  <testcase name="TermsOfUsePage_FooterLinks" time="40.389" classname="UnitClassSet.StaticPages.test_TermsOfUsePage"/>
  <testcase name="TermsOfUsePage_SocialMediaIcons" time="27.331" classname="UnitClassSet.StaticPages.test_TermsOfUsePage"/>
</testsuite> <!-- UnitClassSet.StaticPages.test_TermsOfUsePage -->
