<?xml version="1.0" encoding="UTF-8"?>
<!-- Generated by org.testng.reporters.JUnitReportReporter -->
<testsuite skipped="0" hostname="vprybeha-w10" name="UnitClassSet.StaticPages.test_BlogPage" tests="6" failures="0" timestamp="12 Mar 2019 12:00:12 GMT" time="177.855" errors="0">
  <testcase name="BlogPage_SignUpAndLogin" time="10.412" classname="UnitClassSet.StaticPages.test_BlogPage"/>
  <testcase name="BlogPage_HeaderButtons" time="31.028" classname="UnitClassSet.StaticPages.test_BlogPage"/>
  <testcase name="BlogPage_Body" time="24.583" classname="UnitClassSet.StaticPages.test_BlogPage"/>
  <testcase name="BlogPage_Title" time="6.274" classname="UnitClassSet.StaticPages.test_BlogPage"/>
  <testcase name="BlogPage_SocialMediaIcons" time="28.059" classname="UnitClassSet.StaticPages.test_BlogPage"/>
  <testcase name="BlogPage_FooterLinks" time="77.499" classname="UnitClassSet.StaticPages.test_BlogPage"/>
</testsuite> <!-- UnitClassSet.StaticPages.test_BlogPage -->
