<?xml version="1.0" encoding="UTF-8"?>
<!-- Generated by org.testng.reporters.JUnitReportReporter -->
<testsuite skipped="0" hostname="vprybeha-w10" name="UnitClassSet.StaticPages.test_EducationResourcesPage" tests="6" failures="0" timestamp="12 Mar 2019 12:00:11 GMT" time="131.108" errors="0">
  <testcase name="EducationResourcesPage_SignUpAndLogin" time="10.796" classname="UnitClassSet.StaticPages.test_EducationResourcesPage"/>
  <testcase name="EducationResourcesPage_FooterLinks" time="46.563" classname="UnitClassSet.StaticPages.test_EducationResourcesPage"/>
  <testcase name="EducationResourcesPage_Title" time="5.785" classname="UnitClassSet.StaticPages.test_EducationResourcesPage"/>
  <testcase name="EducationResourcesPage_SocialMediaIcons" time="26.840" classname="UnitClassSet.StaticPages.test_EducationResourcesPage"/>
  <testcase name="EducationResourcesPage_Body" time="10.893" classname="UnitClassSet.StaticPages.test_EducationResourcesPage"/>
  <testcase name="EducationResourcesPage_HeaderButtons" time="30.231" classname="UnitClassSet.StaticPages.test_EducationResourcesPage"/>
</testsuite> <!-- UnitClassSet.StaticPages.test_EducationResourcesPage -->
