<?xml version="1.0" encoding="UTF-8"?>
<!-- Generated by org.testng.reporters.JUnitReportReporter -->
<testsuite skipped="0" hostname="vprybeha-w10" name="UnitClassSet.StaticPages.test_AboutInvestingPage" tests="4" failures="0" timestamp="07 Mar 2019 16:45:41 GMT" time="92.739" errors="0">
  <testcase name="AboutInvestingPage_SignUpAndLogin" time="10.051" classname="UnitClassSet.StaticPages.test_AboutInvestingPage"/>
  <testcase name="AboutInvestingPage_Body" time="21.906" classname="UnitClassSet.StaticPages.test_AboutInvestingPage"/>
  <testcase name="AboutInvestingPage_FooterLinks" time="36.168" classname="UnitClassSet.StaticPages.test_AboutInvestingPage"/>
  <testcase name="AboutInvestingPage_HeaderButtons" time="24.614" classname="UnitClassSet.StaticPages.test_AboutInvestingPage"/>
</testsuite> <!-- UnitClassSet.StaticPages.test_AboutInvestingPage -->
