<?xml version="1.0" encoding="UTF-8"?>
<!-- Generated by org.testng.reporters.JUnitReportReporter -->
<testsuite skipped="0" hostname="vprybeha-w10" name="UnitClassSet.StaticPages.test_ImportantDisclaimerPage" tests="5" failures="0" timestamp="07 Mar 2019 16:45:41 GMT" time="105.121" errors="0">
  <testcase name="ImportantDisclaimerPage_SocialMediaIcons" time="27.817" classname="UnitClassSet.StaticPages.test_ImportantDisclaimerPage"/>
  <testcase name="ImportantDisclaimerPage_SignUpAndLogin" time="9.286" classname="UnitClassSet.StaticPages.test_ImportantDisclaimerPage"/>
  <testcase name="ImportantDisclaimerPage_FooterLinks" time="35.017" classname="UnitClassSet.StaticPages.test_ImportantDisclaimerPage"/>
  <testcase name="ImportantDisclaimerPage_HeaderButtons" time="26.095" classname="UnitClassSet.StaticPages.test_ImportantDisclaimerPage"/>
  <testcase name="ImportantDisclaimerPage_Title" time="6.906" classname="UnitClassSet.StaticPages.test_ImportantDisclaimerPage"/>
</testsuite> <!-- UnitClassSet.StaticPages.test_ImportantDisclaimerPage -->
