<?xml version="1.0" encoding="UTF-8"?>
<!-- Generated by org.testng.reporters.JUnitReportReporter -->
<testsuite skipped="0" hostname="vprybeha-w10" name="UnitClassSet.StaticPages.test_LicensePlatformPage" tests="4" failures="0" timestamp="12 Mar 2019 12:00:11 GMT" time="100.934" errors="0">
  <testcase name="LicensePlatformPage_Body" time="13.666" classname="UnitClassSet.StaticPages.test_LicensePlatformPage"/>
  <testcase name="LicensePlatformPage_HeaderButtons" time="29.168" classname="UnitClassSet.StaticPages.test_LicensePlatformPage"/>
  <testcase name="LicensePlatformPage_SignUpAndLogin" time="10.795" classname="UnitClassSet.StaticPages.test_LicensePlatformPage"/>
  <testcase name="LicensePlatformPage_FooterLinks" time="47.305" classname="UnitClassSet.StaticPages.test_LicensePlatformPage"/>
</testsuite> <!-- UnitClassSet.StaticPages.test_LicensePlatformPage -->
