<?xml version="1.0" encoding="UTF-8"?>
<!-- Generated by org.testng.reporters.JUnitReportReporter -->
<testsuite skipped="0" hostname="vprybeha-w10" name="UnitClassSet.StaticPages.test_InvestorsQuestionsPage" tests="6" failures="0" timestamp="12 Mar 2019 12:00:11 GMT" time="193.052" errors="0">
  <testcase name="InvestorsQuestionsPage_SignUpAndLogin" time="11.192" classname="UnitClassSet.StaticPages.test_InvestorsQuestionsPage"/>
  <testcase name="InvestorsQuestionsPage_Title" time="5.819" classname="UnitClassSet.StaticPages.test_InvestorsQuestionsPage"/>
  <testcase name="InvestorsQuestionsPage_FooterLinks" time="88.075" classname="UnitClassSet.StaticPages.test_InvestorsQuestionsPage"/>
  <testcase name="InvestorsQuestionsPage_Body" time="27.729" classname="UnitClassSet.StaticPages.test_InvestorsQuestionsPage"/>
  <testcase name="InvestorsQuestionsPage_HeaderButtons" time="32.867" classname="UnitClassSet.StaticPages.test_InvestorsQuestionsPage"/>
  <testcase name="InvestorsQuestionsPage_SocialMediaIcons" time="27.370" classname="UnitClassSet.StaticPages.test_InvestorsQuestionsPage"/>
</testsuite> <!-- UnitClassSet.StaticPages.test_InvestorsQuestionsPage -->
