<?xml version="1.0" encoding="UTF-8"?>
<!-- Generated by org.testng.reporters.JUnitReportReporter -->
<testsuite skipped="0" hostname="vprybeha-w10" name="UnitClassSet.StaticPages.test_PrivacyPolicyPage" tests="5" failures="0" timestamp="07 Mar 2019 16:45:41 GMT" time="138.703" errors="0">
  <testcase name="PrivacyPolicyPage_HeaderButtons" time="32.220" classname="UnitClassSet.StaticPages.test_PrivacyPolicyPage"/>
  <testcase name="PrivacyPolicyPage_SignUpAndLogin" time="24.981" classname="UnitClassSet.StaticPages.test_PrivacyPolicyPage"/>
  <testcase name="PrivacyPolicyPage_SocialMediaIcons" time="28.605" classname="UnitClassSet.StaticPages.test_PrivacyPolicyPage"/>
  <testcase name="PrivacyPolicyPage_FooterLinks" time="45.911" classname="UnitClassSet.StaticPages.test_PrivacyPolicyPage"/>
  <testcase name="PrivacyPolicyPage_Title" time="6.986" classname="UnitClassSet.StaticPages.test_PrivacyPolicyPage"/>
</testsuite> <!-- UnitClassSet.StaticPages.test_PrivacyPolicyPage -->
