<?xml version="1.0" encoding="UTF-8"?>
<!-- Generated by org.testng.reporters.JUnitReportReporter -->
<testsuite skipped="0" hostname="vprybeha-w10" name="UnitClassSet.StaticPages.test_RaiseFundsPage" tests="6" failures="0" timestamp="07 Mar 2019 16:45:41 GMT" time="126.689" errors="0">
  <testcase name="RaiseFundsPage_Title" time="5.580" classname="UnitClassSet.StaticPages.test_RaiseFundsPage"/>
  <testcase name="RaiseFundsPage_SocialMediaIcons" time="26.256" classname="UnitClassSet.StaticPages.test_RaiseFundsPage"/>
  <testcase name="RaiseFundsPage_HeaderButtons" time="26.353" classname="UnitClassSet.StaticPages.test_RaiseFundsPage"/>
  <testcase name="RaiseFundsPage_FooterLinks" time="36.771" classname="UnitClassSet.StaticPages.test_RaiseFundsPage"/>
  <testcase name="RaiseFundsPage_SignUpAndLogin" time="10.427" classname="UnitClassSet.StaticPages.test_RaiseFundsPage"/>
  <testcase name="RaiseFundsPage_Body" time="21.302" classname="UnitClassSet.StaticPages.test_RaiseFundsPage"/>
</testsuite> <!-- UnitClassSet.StaticPages.test_RaiseFundsPage -->
