<?xml version="1.0" encoding="UTF-8"?>
<!-- Generated by org.testng.reporters.JUnitReportReporter -->
<testsuite skipped="0" hostname="vprybeha-w10" name="TestClass" tests="1" failures="0" timestamp="12 Feb 2019 18:41:26 GMT" time="20.545" errors="0">
  <testcase name="SupportTest" time="20.545" classname="TestClass"/>
</testsuite> <!-- TestClass -->
