<?xml version="1.0" encoding="UTF-8"?>
<!-- Generated by org.testng.reporters.JUnitReportReporter -->
<testsuite skipped="0" hostname="vprybeha-w10" name="UnitClassSet.StaticPages.test_ImportantDisclaimerPage" tests="5" failures="0" timestamp="12 Mar 2019 12:00:11 GMT" time="116.062" errors="0">
  <testcase name="ImportantDisclaimerPage_HeaderButtons" time="32.600" classname="UnitClassSet.StaticPages.test_ImportantDisclaimerPage"/>
  <testcase name="ImportantDisclaimerPage_SignUpAndLogin" time="9.518" classname="UnitClassSet.StaticPages.test_ImportantDisclaimerPage"/>
  <testcase name="ImportantDisclaimerPage_Title" time="6.859" classname="UnitClassSet.StaticPages.test_ImportantDisclaimerPage"/>
  <testcase name="ImportantDisclaimerPage_FooterLinks" time="38.388" classname="UnitClassSet.StaticPages.test_ImportantDisclaimerPage"/>
  <testcase name="ImportantDisclaimerPage_SocialMediaIcons" time="28.697" classname="UnitClassSet.StaticPages.test_ImportantDisclaimerPage"/>
</testsuite> <!-- UnitClassSet.StaticPages.test_ImportantDisclaimerPage -->
