<?xml version="1.0" encoding="UTF-8"?>
<!-- Generated by org.testng.reporters.JUnitReportReporter -->
<testsuite skipped="0" hostname="vprybeha-w10" name="UnitClassSet.StaticPages.test_MainPage" tests="7" failures="0" timestamp="07 Mar 2019 16:45:41 GMT" time="157.168" errors="0">
  <testcase name="MainPage_SocialMediaIcons" time="27.421" classname="UnitClassSet.StaticPages.test_MainPage"/>
  <testcase name="MainPage_BodyButtons" time="27.280" classname="UnitClassSet.StaticPages.test_MainPage"/>
  <testcase name="MainPage_FooterLinks" time="39.310" classname="UnitClassSet.StaticPages.test_MainPage"/>
  <testcase name="MainPage_HeaderButtons" time="32.140" classname="UnitClassSet.StaticPages.test_MainPage"/>
  <testcase name="MainPage_Title" time="7.883" classname="UnitClassSet.StaticPages.test_MainPage"/>
  <testcase name="MainPage_SignUpAndLogin" time="13.082" classname="UnitClassSet.StaticPages.test_MainPage"/>
  <testcase name="MainPage_HeaderAndFooterSeriesOneLogoButton" time="10.052" classname="UnitClassSet.StaticPages.test_MainPage"/>
</testsuite> <!-- UnitClassSet.StaticPages.test_MainPage -->
