<?xml version="1.0" encoding="UTF-8"?>
<!-- Generated by org.testng.reporters.JUnitReportReporter -->
<testsuite skipped="0" hostname="vprybeha-w10" name="UnitClassSet.StaticPages.test_AboutUsPage" tests="5" failures="0" timestamp="12 Mar 2019 12:00:11 GMT" time="125.432" errors="0">
  <testcase name="AboutUsPage_HeaderButtons" time="31.273" classname="UnitClassSet.StaticPages.test_AboutUsPage"/>
  <testcase name="AboutUsPage_Title" time="7.659" classname="UnitClassSet.StaticPages.test_AboutUsPage"/>
  <testcase name="AboutUsPage_SocialMediaIcons" time="27.255" classname="UnitClassSet.StaticPages.test_AboutUsPage"/>
  <testcase name="AboutUsPage_SignUpAndLogin" time="21.465" classname="UnitClassSet.StaticPages.test_AboutUsPage"/>
  <testcase name="AboutUsPage_FooterLinks" time="37.780" classname="UnitClassSet.StaticPages.test_AboutUsPage"/>
</testsuite> <!-- UnitClassSet.StaticPages.test_AboutUsPage -->
