<?xml version="1.0" encoding="UTF-8"?>
<!-- Generated by org.testng.reporters.JUnitReportReporter -->
<testsuite skipped="0" hostname="vprybeha-w10" name="UnitClassSet.StaticPages.test_BrowseDealsPage" tests="7" failures="0" timestamp="07 Mar 2019 16:45:41 GMT" time="185.233" errors="0">
  <testcase name="BrowseDealsPage_FooterLinks" time="41.860" classname="UnitClassSet.StaticPages.test_BrowseDealsPage"/>
  <testcase name="BrowseDealsPage_Title" time="12.670" classname="UnitClassSet.StaticPages.test_BrowseDealsPage"/>
  <testcase name="BrowseDealsPage_Body" time="22.103" classname="UnitClassSet.StaticPages.test_BrowseDealsPage"/>
  <testcase name="BrowseDealsPage_HeaderButtons" time="27.752" classname="UnitClassSet.StaticPages.test_BrowseDealsPage"/>
  <testcase name="BrowseDealsPage_SignUpAndLogin" time="16.713" classname="UnitClassSet.StaticPages.test_BrowseDealsPage"/>
  <testcase name="BrowseDealsPage_SocialMediaIcons" time="33.855" classname="UnitClassSet.StaticPages.test_BrowseDealsPage"/>
  <testcase name="BrowseDealsPage_CheckDealsPage" time="30.280" classname="UnitClassSet.StaticPages.test_BrowseDealsPage"/>
</testsuite> <!-- UnitClassSet.StaticPages.test_BrowseDealsPage -->
