<?xml version="1.0" encoding="UTF-8"?>
<!-- Generated by org.testng.reporters.JUnitReportReporter -->
<testsuite skipped="0" hostname="vprybeha-w10" name="UnitClassSet.StaticPages.test_ContactUsPage" tests="6" failures="0" timestamp="07 Mar 2019 16:45:41 GMT" time="112.480" errors="0">
  <testcase name="ContactUsPage_Body" time="7.002" classname="UnitClassSet.StaticPages.test_ContactUsPage"/>
  <testcase name="ContactUsPage_Title" time="6.530" classname="UnitClassSet.StaticPages.test_ContactUsPage"/>
  <testcase name="ContactUsPage_SignUpAndLogin" time="8.626" classname="UnitClassSet.StaticPages.test_ContactUsPage"/>
  <testcase name="ContactUsPage_HeaderButtons" time="27.408" classname="UnitClassSet.StaticPages.test_ContactUsPage"/>
  <testcase name="ContactUsPage_SocialMediaIcons" time="27.167" classname="UnitClassSet.StaticPages.test_ContactUsPage"/>
  <testcase name="ContactUsPage_FooterLinks" time="35.747" classname="UnitClassSet.StaticPages.test_ContactUsPage"/>
</testsuite> <!-- UnitClassSet.StaticPages.test_ContactUsPage -->
