<?xml version="1.0" encoding="UTF-8"?>
<!-- Generated by org.testng.reporters.JUnitReportReporter -->
<testsuite skipped="0" hostname="vprybeha-w10" name="UnitClassSet.StaticPages.test_BusinessQuestionsPage" tests="6" failures="0" timestamp="12 Mar 2019 12:00:11 GMT" time="122.660" errors="0">
  <testcase name="BusinessQuestionsPage_Body" time="11.545" classname="UnitClassSet.StaticPages.test_BusinessQuestionsPage"/>
  <testcase name="BusinessQuestionsPage_SignUpAndLogin" time="10.439" classname="UnitClassSet.StaticPages.test_BusinessQuestionsPage"/>
  <testcase name="BusinessQuestionsPage_Title" time="5.816" classname="UnitClassSet.StaticPages.test_BusinessQuestionsPage"/>
  <testcase name="BusinessQuestionsPage_FooterLinks" time="41.174" classname="UnitClassSet.StaticPages.test_BusinessQuestionsPage"/>
  <testcase name="BusinessQuestionsPage_SocialMediaIcons" time="26.564" classname="UnitClassSet.StaticPages.test_BusinessQuestionsPage"/>
  <testcase name="BusinessQuestionsPage_HeaderButtons" time="27.122" classname="UnitClassSet.StaticPages.test_BusinessQuestionsPage"/>
</testsuite> <!-- UnitClassSet.StaticPages.test_BusinessQuestionsPage -->
