<?xml version="1.0" encoding="UTF-8"?>
<!-- Generated by org.testng.reporters.JUnitReportReporter -->
<testsuite skipped="0" hostname="vprybeha-w10" name="UnitClassSet.StaticPages.test_MainPage" tests="5" failures="0" timestamp="12 Mar 2019 12:00:11 GMT" time="204.620" errors="0">
  <testcase name="MainPage_HeaderAndFooterSeriesOneLogoButton" time="9.637" classname="UnitClassSet.StaticPages.test_MainPage"/>
  <testcase name="MainPage_FooterLinks" time="126.157" classname="UnitClassSet.StaticPages.test_MainPage"/>
  <testcase name="MainPage_Body" time="22.849" classname="UnitClassSet.StaticPages.test_MainPage"/>
  <testcase name="MainPage_HeaderButtons" time="35.592" classname="UnitClassSet.StaticPages.test_MainPage"/>
  <testcase name="MainPage_SignUpAndLogin" time="10.385" classname="UnitClassSet.StaticPages.test_MainPage"/>
</testsuite> <!-- UnitClassSet.StaticPages.test_MainPage -->
