<?xml version="1.0" encoding="UTF-8"?>
<!-- Generated by org.testng.reporters.JUnitReportReporter -->
<testsuite skipped="0" hostname="vprybeha-w10" name="UnitClassSet.StaticPages.test_PrivacyPolicyPage" tests="5" failures="0" timestamp="12 Mar 2019 12:00:11 GMT" time="125.091" errors="0">
  <testcase name="PrivacyPolicyPage_Title" time="8.644" classname="UnitClassSet.StaticPages.test_PrivacyPolicyPage"/>
  <testcase name="PrivacyPolicyPage_SocialMediaIcons" time="31.410" classname="UnitClassSet.StaticPages.test_PrivacyPolicyPage"/>
  <testcase name="PrivacyPolicyPage_FooterLinks" time="40.742" classname="UnitClassSet.StaticPages.test_PrivacyPolicyPage"/>
  <testcase name="PrivacyPolicyPage_HeaderButtons" time="26.995" classname="UnitClassSet.StaticPages.test_PrivacyPolicyPage"/>
  <testcase name="PrivacyPolicyPage_SignUpAndLogin" time="17.300" classname="UnitClassSet.StaticPages.test_PrivacyPolicyPage"/>
</testsuite> <!-- UnitClassSet.StaticPages.test_PrivacyPolicyPage -->
