<?xml version="1.0" encoding="UTF-8"?>
<!-- Generated by org.testng.reporters.JUnitReportReporter -->
<testsuite skipped="0" hostname="vprybeha-w10" name="UnitClassSet.ContactUS.test_ContactUS" tests="3" failures="0" timestamp="15 Feb 2019 17:12:06 GMT" time="86.594" errors="0">
  <testcase name="ContactUSForms_License_Platform" time="28.646" classname="UnitClassSet.ContactUS.test_ContactUS"/>
  <testcase name="ContactUSForms_ContactUS" time="27.756" classname="UnitClassSet.ContactUS.test_ContactUS"/>
  <testcase name="ContactUSForms_Raise_Funds" time="30.192" classname="UnitClassSet.ContactUS.test_ContactUS"/>
</testsuite> <!-- UnitClassSet.ContactUS.test_ContactUS -->
