<?xml version="1.0" encoding="UTF-8"?>
<!-- Generated by org.testng.reporters.JUnitReportReporter -->
<testsuite skipped="0" hostname="vprybeha-w10" name="UnitClassSet.StaticPages.test_BrowseDealsPage" tests="7" failures="1" timestamp="12 Mar 2019 12:00:11 GMT" time="244.593" errors="0">
  <testcase name="BrowseDealsPage_SignUpAndLogin" time="14.713" classname="UnitClassSet.StaticPages.test_BrowseDealsPage"/>
  <testcase name="BrowseDealsPage_Body" time="25.490" classname="UnitClassSet.StaticPages.test_BrowseDealsPage"/>
  <testcase name="BrowseDealsPage_FooterLinks" time="44.014" classname="UnitClassSet.StaticPages.test_BrowseDealsPage"/>
  <testcase name="BrowseDealsPage_HeaderButtons" time="27.011" classname="UnitClassSet.StaticPages.test_BrowseDealsPage"/>
  <testcase name="BrowseDealsPage_SocialMediaIcons" time="34.078" classname="UnitClassSet.StaticPages.test_BrowseDealsPage"/>
  <testcase name="BrowseDealsPage_Title" time="11.831" classname="UnitClassSet.StaticPages.test_BrowseDealsPage"/>
  <testcase name="BrowseDealsPage_CheckDealsPage" time="87.456" classname="UnitClassSet.StaticPages.test_BrowseDealsPage">
    <failure type="SupportClasses.Exceptions.NewAssertError" message="Button KINESIS TEST works incorrectly">
      <![CDATA[SupportClasses.Exceptions.NewAssertError: Button KINESIS TEST works incorrectly
at UnitClassSet.StaticPages.CheckLink.CheckLinkURL(CheckLink.java:14)
at UnitClassSet.StaticPages.test_BrowseDealsPage.BrowseDealsPage_CheckDealsPage(test_BrowseDealsPage.java:90)
at sun.reflect.NativeMethodAccessorImpl.invoke0(Native Method)
at sun.reflect.NativeMethodAccessorImpl.invoke(NativeMethodAccessorImpl.java:62)
at sun.reflect.DelegatingMethodAccessorImpl.invoke(DelegatingMethodAccessorImpl.java:43)
at java.lang.reflect.Method.invoke(Method.java:498)
at org.testng.internal.MethodInvocationHelper.invokeMethod(MethodInvocationHelper.java:124)
at org.testng.internal.Invoker.invokeMethod(Invoker.java:583)
at org.testng.internal.Invoker.invokeTestMethod(Invoker.java:719)
at org.testng.internal.Invoker.invokeTestMethods(Invoker.java:989)
at org.testng.internal.TestMethodWorker.invokeTestMethods(TestMethodWorker.java:125)
at org.testng.internal.TestMethodWorker.run(TestMethodWorker.java:109)
at java.util.concurrent.ThreadPoolExecutor.runWorker(ThreadPoolExecutor.java:1149)
at java.util.concurrent.ThreadPoolExecutor$Worker.run(ThreadPoolExecutor.java:624)
at java.lang.Thread.run(Thread.java:748)
]]>
    </failure>
  </testcase> <!-- BrowseDealsPage_CheckDealsPage -->
</testsuite> <!-- UnitClassSet.StaticPages.test_BrowseDealsPage -->
