<?xml version="1.0" encoding="UTF-8"?>
<!-- Generated by org.testng.reporters.JUnitReportReporter -->
<testsuite skipped="0" hostname="vprybeha-w10" name="UnitClassSet.StaticPages.test_BusinessQuestionsPage" tests="6" failures="0" timestamp="07 Mar 2019 16:45:41 GMT" time="139.517" errors="0">
  <testcase name="BusinessQuestionsPage_HeaderButtons" time="25.626" classname="UnitClassSet.StaticPages.test_BusinessQuestionsPage"/>
  <testcase name="BusinessQuestionsPage_Title" time="5.950" classname="UnitClassSet.StaticPages.test_BusinessQuestionsPage"/>
  <testcase name="BusinessQuestionsPage_Body" time="11.096" classname="UnitClassSet.StaticPages.test_BusinessQuestionsPage"/>
  <testcase name="BusinessQuestionsPage_SignUpAndLogin" time="9.567" classname="UnitClassSet.StaticPages.test_BusinessQuestionsPage"/>
  <testcase name="BusinessQuestionsPage_SocialMediaIcons" time="48.130" classname="UnitClassSet.StaticPages.test_BusinessQuestionsPage"/>
  <testcase name="BusinessQuestionsPage_FooterLinks" time="39.148" classname="UnitClassSet.StaticPages.test_BusinessQuestionsPage"/>
</testsuite> <!-- UnitClassSet.StaticPages.test_BusinessQuestionsPage -->
