<?xml version="1.0" encoding="UTF-8"?>
<!-- Generated by org.testng.reporters.JUnitReportReporter -->
<testsuite skipped="0" hostname="vprybeha-w10" name="UnitClassSet.StaticPages.test_InvestorsQuestionsPage" tests="6" failures="0" timestamp="07 Mar 2019 16:45:41 GMT" time="124.090" errors="0">
  <testcase name="InvestorsQuestionsPage_Body" time="10.579" classname="UnitClassSet.StaticPages.test_InvestorsQuestionsPage"/>
  <testcase name="InvestorsQuestionsPage_Title" time="5.752" classname="UnitClassSet.StaticPages.test_InvestorsQuestionsPage"/>
  <testcase name="InvestorsQuestionsPage_SocialMediaIcons" time="26.855" classname="UnitClassSet.StaticPages.test_InvestorsQuestionsPage"/>
  <testcase name="InvestorsQuestionsPage_SignUpAndLogin" time="9.925" classname="UnitClassSet.StaticPages.test_InvestorsQuestionsPage"/>
  <testcase name="InvestorsQuestionsPage_HeaderButtons" time="30.583" classname="UnitClassSet.StaticPages.test_InvestorsQuestionsPage"/>
  <testcase name="InvestorsQuestionsPage_FooterLinks" time="40.396" classname="UnitClassSet.StaticPages.test_InvestorsQuestionsPage"/>
</testsuite> <!-- UnitClassSet.StaticPages.test_InvestorsQuestionsPage -->
