<?xml version="1.0" encoding="UTF-8"?>
<!-- Generated by org.testng.reporters.JUnitReportReporter -->
<testsuite skipped="0" hostname="vprybeha-w10" name="UnitClassSet.StaticPages.test_TermsOfUsePage" tests="5" failures="0" timestamp="07 Mar 2019 16:45:41 GMT" time="124.320" errors="0">
  <testcase name="TermsOfUsePage_Title" time="8.250" classname="UnitClassSet.StaticPages.test_TermsOfUsePage"/>
  <testcase name="TermsOfUsePage_SignUpAndLogin" time="16.674" classname="UnitClassSet.StaticPages.test_TermsOfUsePage"/>
  <testcase name="TermsOfUsePage_FooterLinks" time="43.498" classname="UnitClassSet.StaticPages.test_TermsOfUsePage"/>
  <testcase name="TermsOfUsePage_SocialMediaIcons" time="27.773" classname="UnitClassSet.StaticPages.test_TermsOfUsePage"/>
  <testcase name="TermsOfUsePage_HeaderButtons" time="28.125" classname="UnitClassSet.StaticPages.test_TermsOfUsePage"/>
</testsuite> <!-- UnitClassSet.StaticPages.test_TermsOfUsePage -->
