<?xml version="1.0" encoding="UTF-8"?>
<!-- Generated by org.testng.reporters.JUnitReportReporter -->
<testsuite skipped="0" hostname="vprybeha-w10" name="UnitClassSet.StaticPages.test_RaiseFundsPage" tests="6" failures="0" timestamp="12 Mar 2019 12:00:11 GMT" time="129.914" errors="0">
  <testcase name="RaiseFundsPage_FooterLinks" time="37.852" classname="UnitClassSet.StaticPages.test_RaiseFundsPage"/>
  <testcase name="RaiseFundsPage_HeaderButtons" time="28.128" classname="UnitClassSet.StaticPages.test_RaiseFundsPage"/>
  <testcase name="RaiseFundsPage_Title" time="5.666" classname="UnitClassSet.StaticPages.test_RaiseFundsPage"/>
  <testcase name="RaiseFundsPage_SignUpAndLogin" time="10.610" classname="UnitClassSet.StaticPages.test_RaiseFundsPage"/>
  <testcase name="RaiseFundsPage_SocialMediaIcons" time="27.326" classname="UnitClassSet.StaticPages.test_RaiseFundsPage"/>
  <testcase name="RaiseFundsPage_Body" time="20.332" classname="UnitClassSet.StaticPages.test_RaiseFundsPage"/>
</testsuite> <!-- UnitClassSet.StaticPages.test_RaiseFundsPage -->
