<?xml version="1.0" encoding="UTF-8"?>
<!-- Generated by org.testng.reporters.JUnitReportReporter -->
<testsuite skipped="0" hostname="vprybeha-w10" name="UnitClassSet.StaticPages.test_LicensePlatformPage" tests="6" failures="0" timestamp="07 Mar 2019 16:45:41 GMT" time="136.271" errors="0">
  <testcase name="LicensePlatformPage_Body" time="22.484" classname="UnitClassSet.StaticPages.test_LicensePlatformPage"/>
  <testcase name="LicensePlatformPage_Title" time="5.805" classname="UnitClassSet.StaticPages.test_LicensePlatformPage"/>
  <testcase name="LicensePlatformPage_SignUpAndLogin" time="10.161" classname="UnitClassSet.StaticPages.test_LicensePlatformPage"/>
  <testcase name="LicensePlatformPage_SocialMediaIcons" time="26.604" classname="UnitClassSet.StaticPages.test_LicensePlatformPage"/>
  <testcase name="LicensePlatformPage_HeaderButtons" time="24.241" classname="UnitClassSet.StaticPages.test_LicensePlatformPage"/>
  <testcase name="LicensePlatformPage_FooterLinks" time="46.976" classname="UnitClassSet.StaticPages.test_LicensePlatformPage"/>
</testsuite> <!-- UnitClassSet.StaticPages.test_LicensePlatformPage -->
