<?xml version="1.0" encoding="UTF-8"?>
<!-- Generated by org.testng.reporters.JUnitReportReporter -->
<testsuite skipped="0" hostname="vprybeha-w10" name="UnitClassSet.StaticPages.test_AboutUsPage" tests="5" failures="0" timestamp="07 Mar 2019 16:45:41 GMT" time="110.278" errors="0">
  <testcase name="AboutUsPage_SocialMediaIcons" time="27.635" classname="UnitClassSet.StaticPages.test_AboutUsPage"/>
  <testcase name="AboutUsPage_HeaderButtons" time="25.670" classname="UnitClassSet.StaticPages.test_AboutUsPage"/>
  <testcase name="AboutUsPage_Title" time="6.832" classname="UnitClassSet.StaticPages.test_AboutUsPage"/>
  <testcase name="AboutUsPage_SignUpAndLogin" time="15.015" classname="UnitClassSet.StaticPages.test_AboutUsPage"/>
  <testcase name="AboutUsPage_FooterLinks" time="35.126" classname="UnitClassSet.StaticPages.test_AboutUsPage"/>
</testsuite> <!-- UnitClassSet.StaticPages.test_AboutUsPage -->
