<?xml version="1.0" encoding="UTF-8"?>
<!-- Generated by org.testng.reporters.JUnitReportReporter -->
<testsuite skipped="0" hostname="vprybeha-w10" name="UnitClassSet.StaticPages.test_ContactUsPage" tests="6" failures="1" timestamp="12 Mar 2019 12:00:11 GMT" time="212.568" errors="0">
  <testcase name="ContactUsPage_HeaderButtons" time="27.270" classname="UnitClassSet.StaticPages.test_ContactUsPage"/>
  <testcase name="ContactUsPage_Body" time="11.567" classname="UnitClassSet.StaticPages.test_ContactUsPage">
    <failure type="SupportClasses.Exceptions.NewAssertError" message="One of the Contact Us fields does not displayed">
      <![CDATA[SupportClasses.Exceptions.NewAssertError: One of the Contact Us fields does not displayed
at UnitClassSet.StaticPages.test_ContactUsPage.ContactUsPage_Body(test_ContactUsPage.java:77)
at sun.reflect.NativeMethodAccessorImpl.invoke0(Native Method)
at sun.reflect.NativeMethodAccessorImpl.invoke(NativeMethodAccessorImpl.java:62)
at sun.reflect.DelegatingMethodAccessorImpl.invoke(DelegatingMethodAccessorImpl.java:43)
at java.lang.reflect.Method.invoke(Method.java:498)
at org.testng.internal.MethodInvocationHelper.invokeMethod(MethodInvocationHelper.java:124)
at org.testng.internal.Invoker.invokeMethod(Invoker.java:583)
at org.testng.internal.Invoker.invokeTestMethod(Invoker.java:719)
at org.testng.internal.Invoker.invokeTestMethods(Invoker.java:989)
at org.testng.internal.TestMethodWorker.invokeTestMethods(TestMethodWorker.java:125)
at org.testng.internal.TestMethodWorker.run(TestMethodWorker.java:109)
at java.util.concurrent.ThreadPoolExecutor.runWorker(ThreadPoolExecutor.java:1149)
at java.util.concurrent.ThreadPoolExecutor$Worker.run(ThreadPoolExecutor.java:624)
at java.lang.Thread.run(Thread.java:748)
]]>
    </failure>
  </testcase> <!-- ContactUsPage_Body -->
  <testcase name="ContactUsPage_FooterLinks" time="129.211" classname="UnitClassSet.StaticPages.test_ContactUsPage"/>
  <testcase name="ContactUsPage_SignUpAndLogin" time="9.077" classname="UnitClassSet.StaticPages.test_ContactUsPage"/>
  <testcase name="ContactUsPage_Title" time="7.775" classname="UnitClassSet.StaticPages.test_ContactUsPage"/>
  <testcase name="ContactUsPage_SocialMediaIcons" time="27.668" classname="UnitClassSet.StaticPages.test_ContactUsPage"/>
</testsuite> <!-- UnitClassSet.StaticPages.test_ContactUsPage -->
