<?xml version="1.0" encoding="UTF-8"?>
<!-- Generated by org.testng.reporters.JUnitReportReporter -->
<testsuite skipped="0" hostname="vprybeha-w10" name="UnitClassSet.StaticPages.test_DigitalSecurityOfferingsPage" tests="6" failures="0" timestamp="07 Mar 2019 16:45:41 GMT" time="148.790" errors="0">
  <testcase name="DigitalSecurityOfferingsPage_SignUpAndLogin" time="10.066" classname="UnitClassSet.StaticPages.test_DigitalSecurityOfferingsPage"/>
  <testcase name="DigitalSecurityOfferingsPage_Title" time="5.601" classname="UnitClassSet.StaticPages.test_DigitalSecurityOfferingsPage"/>
  <testcase name="DigitalSecurityOfferingsPage_Body" time="25.979" classname="UnitClassSet.StaticPages.test_DigitalSecurityOfferingsPage"/>
  <testcase name="DigitalSecurityOfferingsPage_HeaderButtons" time="29.342" classname="UnitClassSet.StaticPages.test_DigitalSecurityOfferingsPage"/>
  <testcase name="DigitalSecurityOfferingsPage_SocialMediaIcons" time="42.089" classname="UnitClassSet.StaticPages.test_DigitalSecurityOfferingsPage"/>
  <testcase name="DigitalSecurityOfferingsPage_FooterLinks" time="35.713" classname="UnitClassSet.StaticPages.test_DigitalSecurityOfferingsPage"/>
</testsuite> <!-- UnitClassSet.StaticPages.test_DigitalSecurityOfferingsPage -->
