<?xml version="1.0" encoding="UTF-8"?>
<!-- Generated by org.testng.reporters.JUnitReportReporter -->
<testsuite skipped="0" hostname="vprybeha-w10" name="UnitClassSet.StaticPages.test_DigitalSecurityOfferingsPage" tests="4" failures="0" timestamp="12 Mar 2019 12:00:11 GMT" time="91.464" errors="0">
  <testcase name="DigitalSecurityOfferingsPage_FooterLinks" time="35.958" classname="UnitClassSet.StaticPages.test_DigitalSecurityOfferingsPage"/>
  <testcase name="DigitalSecurityOfferingsPage_HeaderButtons" time="24.401" classname="UnitClassSet.StaticPages.test_DigitalSecurityOfferingsPage"/>
  <testcase name="DigitalSecurityOfferingsPage_Body" time="21.899" classname="UnitClassSet.StaticPages.test_DigitalSecurityOfferingsPage"/>
  <testcase name="DigitalSecurityOfferingsPage_SignUpAndLogin" time="9.206" classname="UnitClassSet.StaticPages.test_DigitalSecurityOfferingsPage"/>
</testsuite> <!-- UnitClassSet.StaticPages.test_DigitalSecurityOfferingsPage -->
