<?xml version="1.0" encoding="UTF-8"?>
<!-- Generated by org.testng.reporters.JUnitReportReporter -->
<testsuite skipped="0" hostname="vprybeha-w10" name="UnitClassSet.StaticPages.test_AboutInvestingPage" tests="6" failures="0" timestamp="12 Mar 2019 12:00:11 GMT" time="130.415" errors="0">
  <testcase name="AboutInvestingPage_Body" time="20.653" classname="UnitClassSet.StaticPages.test_AboutInvestingPage"/>
  <testcase name="AboutInvestingPage_SocialMediaIcons" time="26.189" classname="UnitClassSet.StaticPages.test_AboutInvestingPage"/>
  <testcase name="AboutInvestingPage_Title" time="5.776" classname="UnitClassSet.StaticPages.test_AboutInvestingPage"/>
  <testcase name="AboutInvestingPage_FooterLinks" time="35.782" classname="UnitClassSet.StaticPages.test_AboutInvestingPage"/>
  <testcase name="AboutInvestingPage_HeaderButtons" time="32.046" classname="UnitClassSet.StaticPages.test_AboutInvestingPage"/>
  <testcase name="AboutInvestingPage_SignUpAndLogin" time="9.969" classname="UnitClassSet.StaticPages.test_AboutInvestingPage"/>
</testsuite> <!-- UnitClassSet.StaticPages.test_AboutInvestingPage -->
